<?xml version="1.0" encoding="UTF-8"?>
<!-- Generated by org.testng.reporters.JUnitReportReporter -->
<testsuite skipped="0" hostname="ip-172-31-67-230" name="testsuite.LoginTest" tests="1" failures="0" timestamp="2021-04-11T16:39:10 UTC" time="4.215" errors="0">
  <testcase name="Login" time="4.215" classname="testsuite.LoginTest"/>
  <system-out/>
</testsuite> <!-- testsuite.LoginTest -->
